2026-04-28 04:54:19,176 - INFO - Worker 10 started with 7 pincodes
2026-04-28 04:54:19,180 - INFO - [1/7] Processing pincode: 533340
2026-04-28 04:54:25,477 - INFO - Starting scrape for pincode 533340
2026-04-28 04:58:07,748 - DEBUG - Navigating to https://www.google.co.in/maps/search/hospital+in+533340/
2026-04-28 04:59:24,540 - ERROR - Failed to scrape 533340: Page.goto: net::ERR_CONNECTION_CLOSED at https://www.google.co.in/maps/search/hospital+in+533340/
Call log:
  - navigating to "https://www.google.co.in/maps/search/hospital+in+533340/", waiting until "domcontentloaded"

2026-04-28 04:59:24,853 - ERROR - Traceback (most recent call last):
  File "E:\scrapper\scrappergame.py", line 266, in scrape_pincode_playwright
    page.goto(url, wait_until='domcontentloaded')
  File "C:\Users\mailt\AppData\Local\Python\pythoncore-3.11-64\Lib\site-packages\playwright\sync_api\_generated.py", line 9050, in goto
    self._sync(
  File "C:\Users\mailt\AppData\Local\Python\pythoncore-3.11-64\Lib\site-packages\playwright\_impl\_sync_base.py", line 115, in _sync
    return task.result()
           ^^^^^^^^^^^^^
  File "C:\Users\mailt\AppData\Local\Python\pythoncore-3.11-64\Lib\site-packages\playwright\_impl\_page.py", line 552, in goto
    return await self._main_frame.goto(**locals_to_params(locals()))
           ^^^^^^^^^^^^^^^^^^^^^^^^^^^^^^^^^^^^^^^^^^^^^^^^^^^^^^^^^
  File "C:\Users\mailt\AppData\Local\Python\pythoncore-3.11-64\Lib\site-packages\playwright\_impl\_frame.py", line 153, in goto
    await self._channel.send(
  File "C:\Users\mailt\AppData\Local\Python\pythoncore-3.11-64\Lib\site-packages\playwright\_impl\_connection.py", line 69, in send
    return await self._connection.wrap_api_call(
           ^^^^^^^^^^^^^^^^^^^^^^^^^^^^^^^^^^^^^
  File "C:\Users\mailt\AppData\Local\Python\pythoncore-3.11-64\Lib\site-packages\playwright\_impl\_connection.py", line 559, in wrap_api_call
    raise rewrite_error(error, f"{parsed_st['apiName']}: {error}") from None
playwright._impl._errors.Error: Page.goto: net::ERR_CONNECTION_CLOSED at https://www.google.co.in/maps/search/hospital+in+533340/
Call log:
  - navigating to "https://www.google.co.in/maps/search/hospital+in+533340/", waiting until "domcontentloaded"


2026-04-28 04:59:24,998 - ERROR - Attempt 1 failed for 533340: Page.goto: net::ERR_CONNECTION_CLOSED at https://www.google.co.in/maps/search/hospital+in+533340/
Call log:
  - navigating to "https://www.google.co.in/maps/search/hospital+in+533340/", waiting until "domcontentloaded"

2026-04-28 04:59:25,001 - INFO - Waiting 5 seconds before retry...
2026-04-28 04:59:30,002 - INFO - Starting scrape for pincode 533340
2026-04-28 04:59:49,863 - DEBUG - Navigating to https://www.google.co.in/maps/search/hospital+in+533340/
2026-04-28 05:01:00,576 - ERROR - Failed to scrape 533340: Page.goto: Timeout 60000ms exceeded.
Call log:
  - navigating to "https://www.google.co.in/maps/search/hospital+in+533340/", waiting until "domcontentloaded"

2026-04-28 05:01:00,576 - ERROR - Traceback (most recent call last):
  File "E:\scrapper\scrappergame.py", line 266, in scrape_pincode_playwright
    page.goto(url, wait_until='domcontentloaded')
  File "C:\Users\mailt\AppData\Local\Python\pythoncore-3.11-64\Lib\site-packages\playwright\sync_api\_generated.py", line 9050, in goto
    self._sync(
  File "C:\Users\mailt\AppData\Local\Python\pythoncore-3.11-64\Lib\site-packages\playwright\_impl\_sync_base.py", line 115, in _sync
    return task.result()
           ^^^^^^^^^^^^^
  File "C:\Users\mailt\AppData\Local\Python\pythoncore-3.11-64\Lib\site-packages\playwright\_impl\_page.py", line 552, in goto
    return await self._main_frame.goto(**locals_to_params(locals()))
           ^^^^^^^^^^^^^^^^^^^^^^^^^^^^^^^^^^^^^^^^^^^^^^^^^^^^^^^^^
  File "C:\Users\mailt\AppData\Local\Python\pythoncore-3.11-64\Lib\site-packages\playwright\_impl\_frame.py", line 153, in goto
    await self._channel.send(
  File "C:\Users\mailt\AppData\Local\Python\pythoncore-3.11-64\Lib\site-packages\playwright\_impl\_connection.py", line 69, in send
    return await self._connection.wrap_api_call(
           ^^^^^^^^^^^^^^^^^^^^^^^^^^^^^^^^^^^^^
  File "C:\Users\mailt\AppData\Local\Python\pythoncore-3.11-64\Lib\site-packages\playwright\_impl\_connection.py", line 559, in wrap_api_call
    raise rewrite_error(error, f"{parsed_st['apiName']}: {error}") from None
playwright._impl._errors.TimeoutError: Page.goto: Timeout 60000ms exceeded.
Call log:
  - navigating to "https://www.google.co.in/maps/search/hospital+in+533340/", waiting until "domcontentloaded"


2026-04-28 05:01:00,577 - ERROR - Attempt 2 failed for 533340: Page.goto: Timeout 60000ms exceeded.
Call log:
  - navigating to "https://www.google.co.in/maps/search/hospital+in+533340/", waiting until "domcontentloaded"

2026-04-28 05:01:11,988 - ERROR - Failed to process 533340 after all retries
2026-04-28 05:01:13,990 - INFO - [2/7] Processing pincode: 532445
2026-04-28 05:01:16,145 - INFO - Starting scrape for pincode 532445
2026-04-28 05:01:22,158 - DEBUG - Navigating to https://www.google.co.in/maps/search/hospital+in+532445/
2026-04-28 05:02:22,387 - ERROR - Failed to scrape 532445: Page.goto: Timeout 60000ms exceeded.
Call log:
  - navigating to "https://www.google.co.in/maps/search/hospital+in+532445/", waiting until "domcontentloaded"

2026-04-28 05:02:22,389 - ERROR - Traceback (most recent call last):
  File "E:\scrapper\scrappergame.py", line 266, in scrape_pincode_playwright
    page.goto(url, wait_until='domcontentloaded')
  File "C:\Users\mailt\AppData\Local\Python\pythoncore-3.11-64\Lib\site-packages\playwright\sync_api\_generated.py", line 9050, in goto
    self._sync(
  File "C:\Users\mailt\AppData\Local\Python\pythoncore-3.11-64\Lib\site-packages\playwright\_impl\_sync_base.py", line 115, in _sync
    return task.result()
           ^^^^^^^^^^^^^
  File "C:\Users\mailt\AppData\Local\Python\pythoncore-3.11-64\Lib\site-packages\playwright\_impl\_page.py", line 552, in goto
    return await self._main_frame.goto(**locals_to_params(locals()))
           ^^^^^^^^^^^^^^^^^^^^^^^^^^^^^^^^^^^^^^^^^^^^^^^^^^^^^^^^^
  File "C:\Users\mailt\AppData\Local\Python\pythoncore-3.11-64\Lib\site-packages\playwright\_impl\_frame.py", line 153, in goto
    await self._channel.send(
  File "C:\Users\mailt\AppData\Local\Python\pythoncore-3.11-64\Lib\site-packages\playwright\_impl\_connection.py", line 69, in send
    return await self._connection.wrap_api_call(
           ^^^^^^^^^^^^^^^^^^^^^^^^^^^^^^^^^^^^^
  File "C:\Users\mailt\AppData\Local\Python\pythoncore-3.11-64\Lib\site-packages\playwright\_impl\_connection.py", line 559, in wrap_api_call
    raise rewrite_error(error, f"{parsed_st['apiName']}: {error}") from None
playwright._impl._errors.TimeoutError: Page.goto: Timeout 60000ms exceeded.
Call log:
  - navigating to "https://www.google.co.in/maps/search/hospital+in+532445/", waiting until "domcontentloaded"


2026-04-28 05:02:22,390 - ERROR - Attempt 1 failed for 532445: Page.goto: Timeout 60000ms exceeded.
Call log:
  - navigating to "https://www.google.co.in/maps/search/hospital+in+532445/", waiting until "domcontentloaded"

2026-04-28 05:02:22,390 - INFO - Waiting 5 seconds before retry...
2026-04-28 05:02:27,391 - INFO - Starting scrape for pincode 532445
2026-04-28 05:02:30,221 - DEBUG - Navigating to https://www.google.co.in/maps/search/hospital+in+532445/
